<?xml version="1.0" encoding="UTF-8"?>
<testsuite xmlns:xsi="http://www.w3.org/2001/XMLSchema-instance" xsi:noNamespaceSchemaLocation="https://maven.apache.org/surefire/maven-surefire-plugin/xsd/surefire-test-report-3.0.xsd" version="3.0" name="com.appium.generalStore.ScreenTests.LoginScreenTest" time="0.836" tests="2" errors="0" skipped="1" failures="1">
  <properties>
[...]
</properties>
  <testcase name="setUp" classname="com.appium.generalStore.ScreenTests.LoginScreenTest" time="0.719">
    <failure message="org/openqa/selenium/Rotatable" type="java.lang.NoClassDefFoundError"><![CDATA[java.lang.NoClassDefFoundError: org/openqa/selenium/Rotatable
Caused by: java.lang.ClassNotFoundException: org.openqa.selenium.Rotatable
]]></failure>
    <system-out><![CDATA[2025-01-06 20:51:36.561 [main] WARN  com.appium.generalStore.utility.CommonConstants - The default environment 'uat' will be enabled for this run.
2025-01-06 20:51:36.564 [main] WARN  com.appium.generalStore.utility.CommonConstants - The default platform 'android' will be enabled for this run.
]]></system-out>
  </testcase>
  <testcase name="testLogin" classname="com.appium.generalStore.ScreenTests.LoginScreenTest" time="0">
    <skipped message="org/openqa/selenium/Rotatable"/>
  </testcase>
</testsuite>