<?xml version="1.0" encoding="UTF-8"?>
<!-- Generated by org.testng.reporters.JUnitXMLReporter -->
<testsuite ignored="0" hostname="Rahul" failures="0" tests="1" name="LoginScreenTest" time="0.098" errors="0" timestamp="06 Jan 2025 17:33:27 GMT">
  <testcase classname="com.appium.generalStore.base.BaseClass" name="@BeforeClass setUp" time="0.069">
    <failure type="java.lang.AbstractMethodError" message="Receiver class io.appium.java_client.service.local.AppiumServiceBuilder does not define or inherit an implementation of the resolved method abstract loadSystemProperties()V of abstract class org.openqa.selenium.remote.service.DriverService$Builder.">
      <![CDATA[java.lang.AbstractMethodError: Receiver class io.appium.java_client.service.local.AppiumServiceBuilder does not define or inherit an implementation of the resolved method abstract loadSystemProperties()V of abstract class org.openqa.selenium.remote.service.DriverService$Builder.
at org.openqa.selenium.remote.service.DriverService$Builder.build(DriverService.java:509)
at com.appium.generalStore.util.driver.MobileDriverService.startAppiumService(MobileDriverService.java:23)
at com.appium.generalStore.base.BaseClass.setUp(BaseClass.java:31)
... Removed 26 stack frames]]>
    </failure>
  </testcase> <!-- @BeforeClass setUp -->
  <testcase classname="com.appium.generalStore.ScreenTests.LoginScreenTest" name="testLogin" time="0.0">
    <skipped/>
  </testcase> <!-- testLogin -->
</testsuite> <!-- LoginScreenTest -->
